SF:/mnt/d/projects/rust/tutorials/cmd_apps/grss/src/lib.rs
FN:17,_RINvCsj4f40PjIqiY_10grss_clone12find_matchesQINtNtCsl68DTka7d3U_5alloc3vec3VechEECsbGZwjtGW50l_3cli
FN:19,_RNCINvCsj4f40PjIqiY_10grss_clone12find_matchesQINtNtCsl68DTka7d3U_5alloc3vec3VechEE0CsbGZwjtGW50l_3cli
FN:17,_RINvCshtmSVv0yLSA_10grss_clone12find_matchespEB2_
FN:19,_RNCINvCshtmSVv0yLSA_10grss_clone12find_matchespE0B4_
FN:17,_RINvCsj4f40PjIqiY_10grss_clone12find_matchesQINtNtCsl68DTka7d3U_5alloc3vec3VechEECs6MbrgGJ1F0q_12integrations
FN:19,_RNCINvCsj4f40PjIqiY_10grss_clone12find_matchesQINtNtCsl68DTka7d3U_5alloc3vec3VechEE0Cs6MbrgGJ1F0q_12integrations
FNDA:4,_RINvCsj4f40PjIqiY_10grss_clone12find_matchesQINtNtCsl68DTka7d3U_5alloc3vec3VechEECsbGZwjtGW50l_3cli
FNDA:1,_RNCINvCsj4f40PjIqiY_10grss_clone12find_matchesQINtNtCsl68DTka7d3U_5alloc3vec3VechEE0CsbGZwjtGW50l_3cli
FNDA:0,_RINvCshtmSVv0yLSA_10grss_clone12find_matchespEB2_
FNDA:0,_RNCINvCshtmSVv0yLSA_10grss_clone12find_matchespE0B4_
FNDA:1,_RINvCsj4f40PjIqiY_10grss_clone12find_matchesQINtNtCsl68DTka7d3U_5alloc3vec3VechEECs6MbrgGJ1F0q_12integrations
FNDA:0,_RNCINvCsj4f40PjIqiY_10grss_clone12find_matchesQINtNtCsl68DTka7d3U_5alloc3vec3VechEE0Cs6MbrgGJ1F0q_12integrations
FNF:2
FNH:2
DA:17,5
DA:18,5
DA:19,5
DA:20,17
DA:21,17
DA:22,3
DA:23,14
DA:25,4
DA:26,5
BRF:0
BRH:0
LF:10
LH:10
end_of_record
SF:/mnt/d/projects/rust/tutorials/cmd_apps/grss/src/main.rs
FN:15,_RNCNvXs0_CskvLqrBFZ8BQ_10grss_cloneNtB7_4ArgsNtNtCs5vdglM0hTGn_12clap_builder6derive14FromArgMatches27update_from_arg_matches_mut0B7_
FN:19,_RNCNvXs0_CskvLqrBFZ8BQ_10grss_cloneNtB7_4ArgsNtNtCs5vdglM0hTGn_12clap_builder6derive14FromArgMatches27update_from_arg_matches_muts_0B7_
FN:15,_RNCNvXs0_CskvLqrBFZ8BQ_10grss_cloneNtB7_4ArgsNtNtCs5vdglM0hTGn_12clap_builder6derive14FromArgMatches20from_arg_matches_mut0B7_
FN:19,_RNCNvXs0_CskvLqrBFZ8BQ_10grss_cloneNtB7_4ArgsNtNtCs5vdglM0hTGn_12clap_builder6derive14FromArgMatches20from_arg_matches_muts_0B7_
FN:50,_RNvCskvLqrBFZ8BQ_10grss_clone12find_matches
FN:70,_RNvCskvLqrBFZ8BQ_10grss_clone4main
FN:15,_RNCNvXs0_Cs9kfxjXtr6JO_10grss_cloneNtB7_4ArgsNtNtCs5vdglM0hTGn_12clap_builder6derive14FromArgMatches20from_arg_matches_mut0B7_
FN:19,_RNCNvXs0_Cs9kfxjXtr6JO_10grss_cloneNtB7_4ArgsNtNtCs5vdglM0hTGn_12clap_builder6derive14FromArgMatches20from_arg_matches_muts_0B7_
FN:15,_RNCNvXs0_Cs9kfxjXtr6JO_10grss_cloneNtB7_4ArgsNtNtCs5vdglM0hTGn_12clap_builder6derive14FromArgMatches27update_from_arg_matches_mut0B7_
FN:19,_RNCNvXs0_Cs9kfxjXtr6JO_10grss_cloneNtB7_4ArgsNtNtCs5vdglM0hTGn_12clap_builder6derive14FromArgMatches27update_from_arg_matches_muts_0B7_
FN:50,_RNvCs9kfxjXtr6JO_10grss_clone12find_matches
FN:70,_RNvCs9kfxjXtr6JO_10grss_clone4main
FNDA:0,_RNCNvXs0_CskvLqrBFZ8BQ_10grss_cloneNtB7_4ArgsNtNtCs5vdglM0hTGn_12clap_builder6derive14FromArgMatches27update_from_arg_matches_mut0B7_
FNDA:0,_RNCNvXs0_CskvLqrBFZ8BQ_10grss_cloneNtB7_4ArgsNtNtCs5vdglM0hTGn_12clap_builder6derive14FromArgMatches27update_from_arg_matches_muts_0B7_
FNDA:0,_RNCNvXs0_CskvLqrBFZ8BQ_10grss_cloneNtB7_4ArgsNtNtCs5vdglM0hTGn_12clap_builder6derive14FromArgMatches20from_arg_matches_mut0B7_
FNDA:0,_RNCNvXs0_CskvLqrBFZ8BQ_10grss_cloneNtB7_4ArgsNtNtCs5vdglM0hTGn_12clap_builder6derive14FromArgMatches20from_arg_matches_muts_0B7_
FNDA:10,_RNvCskvLqrBFZ8BQ_10grss_clone12find_matches
FNDA:16,_RNvCskvLqrBFZ8BQ_10grss_clone4main
FNDA:0,_RNCNvXs0_Cs9kfxjXtr6JO_10grss_cloneNtB7_4ArgsNtNtCs5vdglM0hTGn_12clap_builder6derive14FromArgMatches20from_arg_matches_mut0B7_
FNDA:0,_RNCNvXs0_Cs9kfxjXtr6JO_10grss_cloneNtB7_4ArgsNtNtCs5vdglM0hTGn_12clap_builder6derive14FromArgMatches20from_arg_matches_muts_0B7_
FNDA:0,_RNCNvXs0_Cs9kfxjXtr6JO_10grss_cloneNtB7_4ArgsNtNtCs5vdglM0hTGn_12clap_builder6derive14FromArgMatches27update_from_arg_matches_mut0B7_
FNDA:0,_RNCNvXs0_Cs9kfxjXtr6JO_10grss_cloneNtB7_4ArgsNtNtCs5vdglM0hTGn_12clap_builder6derive14FromArgMatches27update_from_arg_matches_muts_0B7_
FNDA:0,_RNvCs9kfxjXtr6JO_10grss_clone12find_matches
FNDA:0,_RNvCs9kfxjXtr6JO_10grss_clone4main
FNF:4
FNH:2
DA:15,0
DA:19,0
DA:50,10
DA:54,10
DA:55,8
DA:57,10021
DA:58,10021
DA:59,10021
DA:60,10008
DA:61,10008
DA:63,8
DA:64,10
DA:70,16
DA:71,16
DA:72,16
DA:73,14
DA:74,16
BRF:0
BRH:0
LF:17
LH:15
end_of_record